==PROF== Connected to process 857926 (/home/luohaonan/StencilByTCU/src/fma_Block16_row_tile_3200_1_5_5_16_16)
总共拆分为 5 个部分
横向 0
横向 1
横向 2
横向 3
横向 4

原始Stencil：
  4.03   8.47   0.97   9.87   0.07 
  9.57   3.34   6.28   6.89   6.97 
  0.50   2.41   9.93   6.53   2.25 
  5.51   4.59   8.22   5.42   5.17 
  3.62   1.68   5.53   6.63   3.04 
  a  a  a  a  a
  a  a  a  a  a
  a  a  a  a  a
  a  a  a  a  a
  a  a  a  a  a

拆分Stencil：
  x  x  x  x  x
  x  x  x  x  x
  x  x  x  x  x
  x  x  x  x  x
  x  x  x  x  x

拆分方式：行拆分

stencil按行拆分矩阵：数据块大小为:16 16
   1.0   8.5   4.0   0.0   0.0   0.0   0.0   0.0   0.0   0.0   0.0   0.0   0.0   0.0   0.0   0.0
   9.9   1.0   8.5   4.0   0.0   0.0   0.0   0.0   0.0   0.0   0.0   0.0   0.0   0.0   0.0   0.0
   0.1   9.9   1.0   8.5   4.0   0.0   0.0   0.0   0.0   0.0   0.0   0.0   0.0   0.0   0.0   0.0
   0.0   0.1   9.9   1.0   8.5   4.0   0.0   0.0   0.0   0.0   0.0   0.0   0.0   0.0   0.0   0.0
   0.0   0.0   0.1   9.9   1.0   8.5   4.0   0.0   0.0   0.0   0.0   0.0   0.0   0.0   0.0   0.0
   0.0   0.0   0.0   0.1   9.9   1.0   8.5   4.0   0.0   0.0   0.0   0.0   0.0   0.0   0.0   0.0
   0.0   0.0   0.0   0.0   0.1   9.9   1.0   8.5   4.0   0.0   0.0   0.0   0.0   0.0   0.0   0.0
   0.0   0.0   0.0   0.0   0.0   0.1   9.9   1.0   8.5   4.0   0.0   0.0   0.0   0.0   0.0   0.0
   0.0   0.0   0.0   0.0   0.0   0.0   0.1   9.9   1.0   8.5   4.0   0.0   0.0   0.0   0.0   0.0
   0.0   0.0   0.0   0.0   0.0   0.0   0.0   0.1   9.9   1.0   8.5   4.0   0.0   0.0   0.0   0.0
   0.0   0.0   0.0   0.0   0.0   0.0   0.0   0.0   0.1   9.9   1.0   8.5   4.0   0.0   0.0   0.0
   0.0   0.0   0.0   0.0   0.0   0.0   0.0   0.0   0.0   0.1   9.9   1.0   8.5   4.0   0.0   0.0
   0.0   0.0   0.0   0.0   0.0   0.0   0.0   0.0   0.0   0.0   0.1   9.9   1.0   8.5   4.0   0.0
   0.0   0.0   0.0   0.0   0.0   0.0   0.0   0.0   0.0   0.0   0.0   0.1   9.9   1.0   8.5   4.0
   0.0   0.0   0.0   0.0   0.0   0.0   0.0   0.0   0.0   0.0   0.0   0.0   0.1   9.9   1.0   8.5
   0.0   0.0   0.0   0.0   0.0   0.0   0.0   0.0   0.0   0.0   0.0   0.0   0.0   0.1   9.9   1.0
------------------------------------------------------------------------------------------------
   6.3   3.3   9.6   0.0   0.0   0.0   0.0   0.0   0.0   0.0   0.0   0.0   0.0   0.0   0.0   0.0
   6.9   6.3   3.3   9.6   0.0   0.0   0.0   0.0   0.0   0.0   0.0   0.0   0.0   0.0   0.0   0.0
   7.0   6.9   6.3   3.3   9.6   0.0   0.0   0.0   0.0   0.0   0.0   0.0   0.0   0.0   0.0   0.0
   0.0   7.0   6.9   6.3   3.3   9.6   0.0   0.0   0.0   0.0   0.0   0.0   0.0   0.0   0.0   0.0
   0.0   0.0   7.0   6.9   6.3   3.3   9.6   0.0   0.0   0.0   0.0   0.0   0.0   0.0   0.0   0.0
   0.0   0.0   0.0   7.0   6.9   6.3   3.3   9.6   0.0   0.0   0.0   0.0   0.0   0.0   0.0   0.0
   0.0   0.0   0.0   0.0   7.0   6.9   6.3   3.3   9.6   0.0   0.0   0.0   0.0   0.0   0.0   0.0
   0.0   0.0   0.0   0.0   0.0   7.0   6.9   6.3   3.3   9.6   0.0   0.0   0.0   0.0   0.0   0.0
   0.0   0.0   0.0   0.0   0.0   0.0   7.0   6.9   6.3   3.3   9.6   0.0   0.0   0.0   0.0   0.0
   0.0   0.0   0.0   0.0   0.0   0.0   0.0   7.0   6.9   6.3   3.3   9.6   0.0   0.0   0.0   0.0
   0.0   0.0   0.0   0.0   0.0   0.0   0.0   0.0   7.0   6.9   6.3   3.3   9.6   0.0   0.0   0.0
   0.0   0.0   0.0   0.0   0.0   0.0   0.0   0.0   0.0   7.0   6.9   6.3   3.3   9.6   0.0   0.0
   0.0   0.0   0.0   0.0   0.0   0.0   0.0   0.0   0.0   0.0   7.0   6.9   6.3   3.3   9.6   0.0
   0.0   0.0   0.0   0.0   0.0   0.0   0.0   0.0   0.0   0.0   0.0   7.0   6.9   6.3   3.3   9.6
   0.0   0.0   0.0   0.0   0.0   0.0   0.0   0.0   0.0   0.0   0.0   0.0   7.0   6.9   6.3   3.3
   0.0   0.0   0.0   0.0   0.0   0.0   0.0   0.0   0.0   0.0   0.0   0.0   0.0   7.0   6.9   6.3
------------------------------------------------------------------------------------------------
   9.9   2.4   0.5   0.0   0.0   0.0   0.0   0.0   0.0   0.0   0.0   0.0   0.0   0.0   0.0   0.0
   6.5   9.9   2.4   0.5   0.0   0.0   0.0   0.0   0.0   0.0   0.0   0.0   0.0   0.0   0.0   0.0
   2.2   6.5   9.9   2.4   0.5   0.0   0.0   0.0   0.0   0.0   0.0   0.0   0.0   0.0   0.0   0.0
   0.0   2.2   6.5   9.9   2.4   0.5   0.0   0.0   0.0   0.0   0.0   0.0   0.0   0.0   0.0   0.0
   0.0   0.0   2.2   6.5   9.9   2.4   0.5   0.0   0.0   0.0   0.0   0.0   0.0   0.0   0.0   0.0
   0.0   0.0   0.0   2.2   6.5   9.9   2.4   0.5   0.0   0.0   0.0   0.0   0.0   0.0   0.0   0.0
   0.0   0.0   0.0   0.0   2.2   6.5   9.9   2.4   0.5   0.0   0.0   0.0   0.0   0.0   0.0   0.0
   0.0   0.0   0.0   0.0   0.0   2.2   6.5   9.9   2.4   0.5   0.0   0.0   0.0   0.0   0.0   0.0
   0.0   0.0   0.0   0.0   0.0   0.0   2.2   6.5   9.9   2.4   0.5   0.0   0.0   0.0   0.0   0.0
   0.0   0.0   0.0   0.0   0.0   0.0   0.0   2.2   6.5   9.9   2.4   0.5   0.0   0.0   0.0   0.0
   0.0   0.0   0.0   0.0   0.0   0.0   0.0   0.0   2.2   6.5   9.9   2.4   0.5   0.0   0.0   0.0
   0.0   0.0   0.0   0.0   0.0   0.0   0.0   0.0   0.0   2.2   6.5   9.9   2.4   0.5   0.0   0.0
   0.0   0.0   0.0   0.0   0.0   0.0   0.0   0.0   0.0   0.0   2.2   6.5   9.9   2.4   0.5   0.0
   0.0   0.0   0.0   0.0   0.0   0.0   0.0   0.0   0.0   0.0   0.0   2.2   6.5   9.9   2.4   0.5
   0.0   0.0   0.0   0.0   0.0   0.0   0.0   0.0   0.0   0.0   0.0   0.0   2.2   6.5   9.9   2.4
   0.0   0.0   0.0   0.0   0.0   0.0   0.0   0.0   0.0   0.0   0.0   0.0   0.0   2.2   6.5   9.9
------------------------------------------------------------------------------------------------
   8.2   4.6   5.5   0.0   0.0   0.0   0.0   0.0   0.0   0.0   0.0   0.0   0.0   0.0   0.0   0.0
   5.4   8.2   4.6   5.5   0.0   0.0   0.0   0.0   0.0   0.0   0.0   0.0   0.0   0.0   0.0   0.0
   5.2   5.4   8.2   4.6   5.5   0.0   0.0   0.0   0.0   0.0   0.0   0.0   0.0   0.0   0.0   0.0
   0.0   5.2   5.4   8.2   4.6   5.5   0.0   0.0   0.0   0.0   0.0   0.0   0.0   0.0   0.0   0.0
   0.0   0.0   5.2   5.4   8.2   4.6   5.5   0.0   0.0   0.0   0.0   0.0   0.0   0.0   0.0   0.0
   0.0   0.0   0.0   5.2   5.4   8.2   4.6   5.5   0.0   0.0   0.0   0.0   0.0   0.0   0.0   0.0
   0.0   0.0   0.0   0.0   5.2   5.4   8.2   4.6   5.5   0.0   0.0   0.0   0.0   0.0   0.0   0.0
   0.0   0.0   0.0   0.0   0.0   5.2   5.4   8.2   4.6   5.5   0.0   0.0   0.0   0.0   0.0   0.0
   0.0   0.0   0.0   0.0   0.0   0.0   5.2   5.4   8.2   4.6   5.5   0.0   0.0   0.0   0.0   0.0
   0.0   0.0   0.0   0.0   0.0   0.0   0.0   5.2   5.4   8.2   4.6   5.5   0.0   0.0   0.0   0.0
   0.0   0.0   0.0   0.0   0.0   0.0   0.0   0.0   5.2   5.4   8.2   4.6   5.5   0.0   0.0   0.0
   0.0   0.0   0.0   0.0   0.0   0.0   0.0   0.0   0.0   5.2   5.4   8.2   4.6   5.5   0.0   0.0
   0.0   0.0   0.0   0.0   0.0   0.0   0.0   0.0   0.0   0.0   5.2   5.4   8.2   4.6   5.5   0.0
   0.0   0.0   0.0   0.0   0.0   0.0   0.0   0.0   0.0   0.0   0.0   5.2   5.4   8.2   4.6   5.5
   0.0   0.0   0.0   0.0   0.0   0.0   0.0   0.0   0.0   0.0   0.0   0.0   5.2   5.4   8.2   4.6
   0.0   0.0   0.0   0.0   0.0   0.0   0.0   0.0   0.0   0.0   0.0   0.0   0.0   5.2   5.4   8.2
------------------------------------------------------------------------------------------------
   5.5   1.7   3.6   0.0   0.0   0.0   0.0   0.0   0.0   0.0   0.0   0.0   0.0   0.0   0.0   0.0
   6.6   5.5   1.7   3.6   0.0   0.0   0.0   0.0   0.0   0.0   0.0   0.0   0.0   0.0   0.0   0.0
   3.0   6.6   5.5   1.7   3.6   0.0   0.0   0.0   0.0   0.0   0.0   0.0   0.0   0.0   0.0   0.0
   0.0   3.0   6.6   5.5   1.7   3.6   0.0   0.0   0.0   0.0   0.0   0.0   0.0   0.0   0.0   0.0
   0.0   0.0   3.0   6.6   5.5   1.7   3.6   0.0   0.0   0.0   0.0   0.0   0.0   0.0   0.0   0.0
   0.0   0.0   0.0   3.0   6.6   5.5   1.7   3.6   0.0   0.0   0.0   0.0   0.0   0.0   0.0   0.0
   0.0   0.0   0.0   0.0   3.0   6.6   5.5   1.7   3.6   0.0   0.0   0.0   0.0   0.0   0.0   0.0
   0.0   0.0   0.0   0.0   0.0   3.0   6.6   5.5   1.7   3.6   0.0   0.0   0.0   0.0   0.0   0.0
   0.0   0.0   0.0   0.0   0.0   0.0   3.0   6.6   5.5   1.7   3.6   0.0   0.0   0.0   0.0   0.0
   0.0   0.0   0.0   0.0   0.0   0.0   0.0   3.0   6.6   5.5   1.7   3.6   0.0   0.0   0.0   0.0
   0.0   0.0   0.0   0.0   0.0   0.0   0.0   0.0   3.0   6.6   5.5   1.7   3.6   0.0   0.0   0.0
==PROF== Profiling "mma_run" - 0: 0%....50%....100% - 19 passes
==PROF== Disconnected from process 857926
   0.0   0.0   0.0   0.0   0.0   0.0   0.0   0.0   0.0   3.0   6.6   5.5   1.7   3.6   0.0   0.0
   0.0   0.0   0.0   0.0   0.0   0.0   0.0   0.0   0.0   0.0   3.0   6.6   5.5   1.7   3.6   0.0
   0.0   0.0   0.0   0.0   0.0   0.0   0.0   0.0   0.0   0.0   0.0   3.0   6.6   5.5   1.7   3.6
   0.0   0.0   0.0   0.0   0.0   0.0   0.0   0.0   0.0   0.0   0.0   0.0   3.0   6.6   5.5   1.7
   0.0   0.0   0.0   0.0   0.0   0.0   0.0   0.0   0.0   0.0   0.0   0.0   0.0   3.0   6.6   5.5

[Time] Time used: 331.137054 ms
Check result success!
[857926] fma_Block16_row_tile_3200_1_5_5_16_16@127.0.0.1
  mma_run(__half *, float *, float *, __half *, int, int, int, int, int, int *, int *, int *, int, int), 2024-Mar-20 16:07:32, Context 1, Stream 7
    Section: GPU Speed Of Light Throughput
    ---------------------------------------------------------------------- --------------- ------------------------------
    DRAM Frequency                                                           cycle/usecond                         856.88
    SM Frequency                                                             cycle/nsecond                           1.20
    Elapsed Cycles                                                                   cycle                        856,031
    Memory [%]                                                                           %                          73.32
    DRAM Throughput                                                                      %                          73.32
    Duration                                                                       usecond                         709.98
    L1/TEX Cache Throughput                                                              %                          46.01
    L2 Cache Throughput                                                                  %                          31.97
    SM Active Cycles                                                                 cycle                     863,588.50
    Compute (SM) [%]                                                                     %                          15.11
    ---------------------------------------------------------------------- --------------- ------------------------------
    WRN   Memory is more heavily utilized than Compute: Look at the Memory Workload Analysis section to identify the    
          DRAM bottleneck. Check memory replay (coalescing) metrics to make sure you're efficiently utilizing the       
          bytes transferred. Also consider whether it is possible to do more work per memory access (kernel fusion) or  
          whether there are values you can (re)compute.                                                                 

    Section: Launch Statistics
    ---------------------------------------------------------------------- --------------- ------------------------------
    Block Size                                                                                                         32
    Function Cache Configuration                                                                  cudaFuncCachePreferNone
    Grid Size                                                                                                      40,000
    Registers Per Thread                                                   register/thread                             41
    Shared Memory Configuration Size                                                 Kbyte                          65.54
    Driver Shared Memory Per Block                                              byte/block                              0
    Dynamic Shared Memory Per Block                                            Kbyte/block                           1.28
    Static Shared Memory Per Block                                              byte/block                              0
    Threads                                                                         thread                      1,280,000
    Waves Per SM                                                                                                    15.62
    ---------------------------------------------------------------------- --------------- ------------------------------

    Section: Occupancy
    ---------------------------------------------------------------------- --------------- ------------------------------
    Block Limit SM                                                                   block                             32
    Block Limit Registers                                                            block                             40
    Block Limit Shared Mem                                                           block                             42
    Block Limit Warps                                                                block                             64
    Theoretical Active Warps per SM                                                   warp                             32
    Theoretical Occupancy                                                                %                             50
    Achieved Occupancy                                                                   %                          49.21
    Achieved Active Warps Per SM                                                      warp                          31.50
    ---------------------------------------------------------------------- --------------- ------------------------------
    WRN   This kernel's theoretical occupancy (50.0%) is limited by the number of blocks that can fit on the SM See the 
          CUDA Best Practices Guide (https://docs.nvidia.com/cuda/cuda-c-best-practices-guide/index.html#occupancy)     
          for more details on optimizing occupancy.                                                                     

