==PROF== Connected to process 931439 (/home/luohaonan/StencilByTCU/src/fma_Block16_row_tile_3200_1_5_5_16_16)
总共拆分为 5 个部分
横向 0
横向 1
横向 2
横向 3
横向 4

原始Stencil：
  9.78   1.64   3.81   4.93   7.74 
  3.85   5.84   9.83   6.99   5.82 
  7.17   6.27   4.81   5.51   4.34 
  8.77   5.06   2.72   0.66   8.94 
  2.27   9.04   2.34   7.88   3.71 
  a  a  a  a  a
  a  a  a  a  a
  a  a  a  a  a
  a  a  a  a  a
  a  a  a  a  a

拆分Stencil：
  x  x  x  x  x
  x  x  x  x  x
  x  x  x  x  x
  x  x  x  x  x
  x  x  x  x  x

拆分方式：行拆分

stencil按行拆分矩阵：数据块大小为:16 16
   3.8   1.6   9.8   0.0   0.0   0.0   0.0   0.0   0.0   0.0   0.0   0.0   0.0   0.0   0.0   0.0
   4.9   3.8   1.6   9.8   0.0   0.0   0.0   0.0   0.0   0.0   0.0   0.0   0.0   0.0   0.0   0.0
   7.7   4.9   3.8   1.6   9.8   0.0   0.0   0.0   0.0   0.0   0.0   0.0   0.0   0.0   0.0   0.0
   0.0   7.7   4.9   3.8   1.6   9.8   0.0   0.0   0.0   0.0   0.0   0.0   0.0   0.0   0.0   0.0
   0.0   0.0   7.7   4.9   3.8   1.6   9.8   0.0   0.0   0.0   0.0   0.0   0.0   0.0   0.0   0.0
   0.0   0.0   0.0   7.7   4.9   3.8   1.6   9.8   0.0   0.0   0.0   0.0   0.0   0.0   0.0   0.0
   0.0   0.0   0.0   0.0   7.7   4.9   3.8   1.6   9.8   0.0   0.0   0.0   0.0   0.0   0.0   0.0
   0.0   0.0   0.0   0.0   0.0   7.7   4.9   3.8   1.6   9.8   0.0   0.0   0.0   0.0   0.0   0.0
   0.0   0.0   0.0   0.0   0.0   0.0   7.7   4.9   3.8   1.6   9.8   0.0   0.0   0.0   0.0   0.0
   0.0   0.0   0.0   0.0   0.0   0.0   0.0   7.7   4.9   3.8   1.6   9.8   0.0   0.0   0.0   0.0
   0.0   0.0   0.0   0.0   0.0   0.0   0.0   0.0   7.7   4.9   3.8   1.6   9.8   0.0   0.0   0.0
   0.0   0.0   0.0   0.0   0.0   0.0   0.0   0.0   0.0   7.7   4.9   3.8   1.6   9.8   0.0   0.0
   0.0   0.0   0.0   0.0   0.0   0.0   0.0   0.0   0.0   0.0   7.7   4.9   3.8   1.6   9.8   0.0
   0.0   0.0   0.0   0.0   0.0   0.0   0.0   0.0   0.0   0.0   0.0   7.7   4.9   3.8   1.6   9.8
   0.0   0.0   0.0   0.0   0.0   0.0   0.0   0.0   0.0   0.0   0.0   0.0   7.7   4.9   3.8   1.6
   0.0   0.0   0.0   0.0   0.0   0.0   0.0   0.0   0.0   0.0   0.0   0.0   0.0   7.7   4.9   3.8
------------------------------------------------------------------------------------------------
   9.8   5.8   3.9   0.0   0.0   0.0   0.0   0.0   0.0   0.0   0.0   0.0   0.0   0.0   0.0   0.0
   7.0   9.8   5.8   3.9   0.0   0.0   0.0   0.0   0.0   0.0   0.0   0.0   0.0   0.0   0.0   0.0
   5.8   7.0   9.8   5.8   3.9   0.0   0.0   0.0   0.0   0.0   0.0   0.0   0.0   0.0   0.0   0.0
   0.0   5.8   7.0   9.8   5.8   3.9   0.0   0.0   0.0   0.0   0.0   0.0   0.0   0.0   0.0   0.0
   0.0   0.0   5.8   7.0   9.8   5.8   3.9   0.0   0.0   0.0   0.0   0.0   0.0   0.0   0.0   0.0
   0.0   0.0   0.0   5.8   7.0   9.8   5.8   3.9   0.0   0.0   0.0   0.0   0.0   0.0   0.0   0.0
   0.0   0.0   0.0   0.0   5.8   7.0   9.8   5.8   3.9   0.0   0.0   0.0   0.0   0.0   0.0   0.0
   0.0   0.0   0.0   0.0   0.0   5.8   7.0   9.8   5.8   3.9   0.0   0.0   0.0   0.0   0.0   0.0
   0.0   0.0   0.0   0.0   0.0   0.0   5.8   7.0   9.8   5.8   3.9   0.0   0.0   0.0   0.0   0.0
   0.0   0.0   0.0   0.0   0.0   0.0   0.0   5.8   7.0   9.8   5.8   3.9   0.0   0.0   0.0   0.0
   0.0   0.0   0.0   0.0   0.0   0.0   0.0   0.0   5.8   7.0   9.8   5.8   3.9   0.0   0.0   0.0
   0.0   0.0   0.0   0.0   0.0   0.0   0.0   0.0   0.0   5.8   7.0   9.8   5.8   3.9   0.0   0.0
   0.0   0.0   0.0   0.0   0.0   0.0   0.0   0.0   0.0   0.0   5.8   7.0   9.8   5.8   3.9   0.0
   0.0   0.0   0.0   0.0   0.0   0.0   0.0   0.0   0.0   0.0   0.0   5.8   7.0   9.8   5.8   3.9
   0.0   0.0   0.0   0.0   0.0   0.0   0.0   0.0   0.0   0.0   0.0   0.0   5.8   7.0   9.8   5.8
   0.0   0.0   0.0   0.0   0.0   0.0   0.0   0.0   0.0   0.0   0.0   0.0   0.0   5.8   7.0   9.8
------------------------------------------------------------------------------------------------
   4.8   6.3   7.2   0.0   0.0   0.0   0.0   0.0   0.0   0.0   0.0   0.0   0.0   0.0   0.0   0.0
   5.5   4.8   6.3   7.2   0.0   0.0   0.0   0.0   0.0   0.0   0.0   0.0   0.0   0.0   0.0   0.0
   4.3   5.5   4.8   6.3   7.2   0.0   0.0   0.0   0.0   0.0   0.0   0.0   0.0   0.0   0.0   0.0
   0.0   4.3   5.5   4.8   6.3   7.2   0.0   0.0   0.0   0.0   0.0   0.0   0.0   0.0   0.0   0.0
   0.0   0.0   4.3   5.5   4.8   6.3   7.2   0.0   0.0   0.0   0.0   0.0   0.0   0.0   0.0   0.0
   0.0   0.0   0.0   4.3   5.5   4.8   6.3   7.2   0.0   0.0   0.0   0.0   0.0   0.0   0.0   0.0
   0.0   0.0   0.0   0.0   4.3   5.5   4.8   6.3   7.2   0.0   0.0   0.0   0.0   0.0   0.0   0.0
   0.0   0.0   0.0   0.0   0.0   4.3   5.5   4.8   6.3   7.2   0.0   0.0   0.0   0.0   0.0   0.0
   0.0   0.0   0.0   0.0   0.0   0.0   4.3   5.5   4.8   6.3   7.2   0.0   0.0   0.0   0.0   0.0
   0.0   0.0   0.0   0.0   0.0   0.0   0.0   4.3   5.5   4.8   6.3   7.2   0.0   0.0   0.0   0.0
   0.0   0.0   0.0   0.0   0.0   0.0   0.0   0.0   4.3   5.5   4.8   6.3   7.2   0.0   0.0   0.0
   0.0   0.0   0.0   0.0   0.0   0.0   0.0   0.0   0.0   4.3   5.5   4.8   6.3   7.2   0.0   0.0
   0.0   0.0   0.0   0.0   0.0   0.0   0.0   0.0   0.0   0.0   4.3   5.5   4.8   6.3   7.2   0.0
   0.0   0.0   0.0   0.0   0.0   0.0   0.0   0.0   0.0   0.0   0.0   4.3   5.5   4.8   6.3   7.2
   0.0   0.0   0.0   0.0   0.0   0.0   0.0   0.0   0.0   0.0   0.0   0.0   4.3   5.5   4.8   6.3
   0.0   0.0   0.0   0.0   0.0   0.0   0.0   0.0   0.0   0.0   0.0   0.0   0.0   4.3   5.5   4.8
------------------------------------------------------------------------------------------------
   2.7   5.1   8.8   0.0   0.0   0.0   0.0   0.0   0.0   0.0   0.0   0.0   0.0   0.0   0.0   0.0
   0.7   2.7   5.1   8.8   0.0   0.0   0.0   0.0   0.0   0.0   0.0   0.0   0.0   0.0   0.0   0.0
   8.9   0.7   2.7   5.1   8.8   0.0   0.0   0.0   0.0   0.0   0.0   0.0   0.0   0.0   0.0   0.0
   0.0   8.9   0.7   2.7   5.1   8.8   0.0   0.0   0.0   0.0   0.0   0.0   0.0   0.0   0.0   0.0
   0.0   0.0   8.9   0.7   2.7   5.1   8.8   0.0   0.0   0.0   0.0   0.0   0.0   0.0   0.0   0.0
   0.0   0.0   0.0   8.9   0.7   2.7   5.1   8.8   0.0   0.0   0.0   0.0   0.0   0.0   0.0   0.0
   0.0   0.0   0.0   0.0   8.9   0.7   2.7   5.1   8.8   0.0   0.0   0.0   0.0   0.0   0.0   0.0
   0.0   0.0   0.0   0.0   0.0   8.9   0.7   2.7   5.1   8.8   0.0   0.0   0.0   0.0   0.0   0.0
   0.0   0.0   0.0   0.0   0.0   0.0   8.9   0.7   2.7   5.1   8.8   0.0   0.0   0.0   0.0   0.0
   0.0   0.0   0.0   0.0   0.0   0.0   0.0   8.9   0.7   2.7   5.1   8.8   0.0   0.0   0.0   0.0
   0.0   0.0   0.0   0.0   0.0   0.0   0.0   0.0   8.9   0.7   2.7   5.1   8.8   0.0   0.0   0.0
   0.0   0.0   0.0   0.0   0.0   0.0   0.0   0.0   0.0   8.9   0.7   2.7   5.1   8.8   0.0   0.0
   0.0   0.0   0.0   0.0   0.0   0.0   0.0   0.0   0.0   0.0   8.9   0.7   2.7   5.1   8.8   0.0
   0.0   0.0   0.0   0.0   0.0   0.0   0.0   0.0   0.0   0.0   0.0   8.9   0.7   2.7   5.1   8.8
   0.0   0.0   0.0   0.0   0.0   0.0   0.0   0.0   0.0   0.0   0.0   0.0   8.9   0.7   2.7   5.1
   0.0   0.0   0.0   0.0   0.0   0.0   0.0   0.0   0.0   0.0   0.0   0.0   0.0   8.9   0.7   2.7
------------------------------------------------------------------------------------------------
   2.3   9.0   2.3   0.0   0.0   0.0   0.0   0.0   0.0   0.0   0.0   0.0   0.0   0.0   0.0   0.0
   7.9   2.3   9.0   2.3   0.0   0.0   0.0   0.0   0.0   0.0   0.0   0.0   0.0   0.0   0.0   0.0
   3.7   7.9   2.3   9.0   2.3   0.0   0.0   0.0   0.0   0.0   0.0   0.0   0.0   0.0   0.0   0.0
   0.0   3.7   7.9   2.3   9.0   2.3   0.0   0.0   0.0   0.0   0.0   0.0   0.0   0.0   0.0   0.0
   0.0   0.0   3.7   7.9   2.3   9.0   2.3   0.0   0.0   0.0   0.0   0.0   0.0   0.0   0.0   0.0
   0.0   0.0   0.0   3.7   7.9   2.3   9.0   2.3   0.0   0.0   0.0   0.0   0.0   0.0   0.0   0.0
   0.0   0.0   0.0   0.0   3.7   7.9   2.3   9.0   2.3   0.0   0.0   0.0   0.0   0.0   0.0   0.0
   0.0   0.0   0.0   0.0   0.0   3.7   7.9   2.3   9.0   2.3   0.0   0.0   0.0   0.0   0.0   0.0
   0.0   0.0   0.0   0.0   0.0   0.0   3.7   7.9   2.3   9.0   2.3   0.0   0.0   0.0   0.0   0.0
   0.0   0.0   0.0   0.0   0.0   0.0   0.0   3.7   7.9   2.3   9.0   2.3   0.0   0.0   0.0   0.0
   0.0   0.0   0.0   0.0   0.0   0.0   0.0   0.0   3.7   7.9   2.3   9.0   2.3   0.0   0.0   0.0
==PROF== Profiling "mma_run" - 0: 0%....50%....100% - 19 passes
==PROF== Disconnected from process 931439
   0.0   0.0   0.0   0.0   0.0   0.0   0.0   0.0   0.0   3.7   7.9   2.3   9.0   2.3   0.0   0.0
   0.0   0.0   0.0   0.0   0.0   0.0   0.0   0.0   0.0   0.0   3.7   7.9   2.3   9.0   2.3   0.0
   0.0   0.0   0.0   0.0   0.0   0.0   0.0   0.0   0.0   0.0   0.0   3.7   7.9   2.3   9.0   2.3
   0.0   0.0   0.0   0.0   0.0   0.0   0.0   0.0   0.0   0.0   0.0   0.0   3.7   7.9   2.3   9.0
   0.0   0.0   0.0   0.0   0.0   0.0   0.0   0.0   0.0   0.0   0.0   0.0   0.0   3.7   7.9   2.3

[Time] Time used: 324.459564 ms
Results don't match!
396.022095(hostRef[14] )!= 284.152191(gpuRef[14])
[931439] fma_Block16_row_tile_3200_1_5_5_16_16@127.0.0.1
  mma_run(__half *, float *, float *, __half *, int, int, int, int, int, int *, int *, int *, int, int), 2024-Mar-20 16:34:39, Context 1, Stream 7
    Section: GPU Speed Of Light Throughput
    ---------------------------------------------------------------------- --------------- ------------------------------
    DRAM Frequency                                                           cycle/usecond                         833.71
    SM Frequency                                                             cycle/nsecond                           1.16
    Elapsed Cycles                                                                   cycle                        182,639
    Memory [%]                                                                           %                          72.77
    DRAM Throughput                                                                      %                          44.12
    Duration                                                                       usecond                         156.45
    L1/TEX Cache Throughput                                                              %                          74.80
    L2 Cache Throughput                                                                  %                          34.15
    SM Active Cycles                                                                 cycle                     176,757.98
    Compute (SM) [%]                                                                     %                          37.50
    ---------------------------------------------------------------------- --------------- ------------------------------
    WRN   Memory is more heavily utilized than Compute: Look at the Memory Workload Analysis section to identify the L1 
          bottleneck. Check memory replay (coalescing) metrics to make sure you're efficiently utilizing the bytes      
          transferred. Also consider whether it is possible to do more work per memory access (kernel fusion) or        
          whether there are values you can (re)compute.                                                                 

    Section: Launch Statistics
    ---------------------------------------------------------------------- --------------- ------------------------------
    Block Size                                                                                                         32
    Function Cache Configuration                                                                  cudaFuncCachePreferNone
    Grid Size                                                                                                      40,000
    Registers Per Thread                                                   register/thread                             48
    Shared Memory Configuration Size                                                 Kbyte                          65.54
    Driver Shared Memory Per Block                                              byte/block                              0
    Dynamic Shared Memory Per Block                                            Kbyte/block                           1.28
    Static Shared Memory Per Block                                              byte/block                              0
    Threads                                                                         thread                      1,280,000
    Waves Per SM                                                                                                    15.62
    ---------------------------------------------------------------------- --------------- ------------------------------

    Section: Occupancy
    ---------------------------------------------------------------------- --------------- ------------------------------
    Block Limit SM                                                                   block                             32
    Block Limit Registers                                                            block                             40
    Block Limit Shared Mem                                                           block                             42
    Block Limit Warps                                                                block                             64
    Theoretical Active Warps per SM                                                   warp                             32
    Theoretical Occupancy                                                                %                             50
    Achieved Occupancy                                                                   %                          47.30
    Achieved Active Warps Per SM                                                      warp                          30.27
    ---------------------------------------------------------------------- --------------- ------------------------------
    WRN   This kernel's theoretical occupancy (50.0%) is limited by the number of blocks that can fit on the SM See the 
          CUDA Best Practices Guide (https://docs.nvidia.com/cuda/cuda-c-best-practices-guide/index.html#occupancy)     
          for more details on optimizing occupancy.                                                                     

